TN:
SF:src\modules\users\services\create-user-service.ts
FN:11,(anonymous_5)
FN:19,(anonymous_6)
FNF:2
FNH:2
FNDA:12,(anonymous_5)
FNDA:11,(anonymous_6)
DA:1,2
DA:3,2
DA:4,2
DA:10,2
DA:13,12
DA:15,12
DA:17,12
DA:20,11
DA:21,11
DA:22,30
DA:23,3
DA:26,8
DA:27,8
DA:28,1
DA:30,7
DA:31,7
DA:33,7
DA:34,1
DA:37,6
DA:38,1
DA:41,5
DA:43,5
LF:22
LH:22
BRDA:22,0,0,3
BRDA:22,0,1,27
BRDA:27,1,0,1
BRDA:27,1,1,7
BRDA:33,2,0,1
BRDA:33,2,1,6
BRDA:37,3,0,1
BRDA:37,3,1,5
BRF:8
BRH:8
end_of_record
TN:
SF:src\modules\users\services\send-forgot-password-email-service.ts
FN:10,(anonymous_5)
FN:20,(anonymous_6)
FNF:2
FNH:2
FNDA:6,(anonymous_5)
FNDA:6,(anonymous_6)
DA:1,1
DA:5,1
DA:9,1
DA:11,6
DA:13,6
DA:15,6
DA:17,6
DA:21,6
DA:22,6
DA:23,1
DA:25,5
DA:26,5
DA:27,1
DA:29,4
DA:30,4
DA:31,1
DA:33,3
DA:34,3
DA:35,3
LF:19
LH:19
BRDA:22,0,0,1
BRDA:22,0,1,5
BRDA:26,1,0,1
BRDA:26,1,1,4
BRDA:30,2,0,1
BRDA:30,2,1,3
BRF:6
BRH:6
end_of_record
