TN:
SF:src/modules/users/services/authentication-service.ts
FN:20,(anonymous_5)
FN:24,(anonymous_6)
FNF:2
FNH:0
FNDA:0,(anonymous_5)
FNDA:0,(anonymous_6)
DA:1,0
DA:2,0
DA:3,0
DA:5,0
DA:19,0
DA:22,0
DA:25,0
DA:26,0
DA:27,0
DA:29,0
DA:30,0
DA:31,0
DA:34,0
DA:36,0
DA:41,0
LF:15
LH:0
BRDA:26,0,0,0
BRDA:26,0,1,0
BRDA:30,1,0,0
BRDA:30,1,1,0
BRF:4
BRH:0
end_of_record
TN:
SF:src/modules/users/services/create-user-service.ts
FN:10,(anonymous_5)
FN:14,(anonymous_6)
FNF:2
FNH:2
FNDA:3,(anonymous_5)
FNDA:3,(anonymous_6)
DA:1,1
DA:3,1
DA:4,1
DA:6,1
DA:9,1
DA:12,3
DA:15,3
DA:16,3
DA:17,6
DA:18,3
DA:22,0
DA:23,0
DA:25,0
DA:26,0
DA:29,0
DA:30,0
DA:32,0
LF:17
LH:10
BRDA:17,0,0,3
BRDA:17,0,1,3
BRDA:25,1,0,0
BRDA:25,1,1,0
BRF:4
BRH:2
end_of_record
